#
# A fatal error has been detected by the Java Runtime Environment:
#
#  Internal Error (t:/workspace/open/src/hotspot/share/oops/generateOopMap.cpp:2162), pid=1252, tid=9348
#  fatal error: Illegal class file encountered. Try running with -Xverify:all in method easterDate
#
# JRE version: Java(TM) SE Runtime Environment (10.0.1+10) (build 10.0.1+10)
# Java VM: Java HotSpot(TM) 64-Bit Server VM (10.0.1+10, mixed mode, tiered, compressed oops, g1 gc, windows-amd64)
# No core dump will be written. Minidumps are not enabled by default on client versions of Windows
#
# If you would like to submit a bug report, please visit:
#   http://bugreport.java.com/bugreport/crash.jsp
#

---------------  S U M M A R Y ------------

Command Line: -agentlib:jdwp=transport=dt_socket,address=127.0.0.1:55063,suspend=y,server=n -javaagent:C:\Users\£ukasz\.IdeaIC2018.1\system\captureAgent\debugger-agent.jar=file:/C:/Users/%C5%81ukasz/AppData/Local/Temp/capture.props -Dfile.encoding=UTF-8 Exercises

Host: Intel(R) Pentium(R) CPU 3825U @ 1.90GHz, 4 cores, 7G,  Windows 10 , 64 bit Build 17134 (10.0.17134.1)
Time: Mon Oct 29 08:52:50 2018 ?rodkowoeuropejski czas stand. elapsed time: 615 seconds (0d 0h 10m 15s)

---------------  T H R E A D  ---------------

Current thread (0x000001e226623000):  VMThread "VM Thread" [stack: 0x00000050f1500000,0x00000050f1600000] [id=9348]

Stack: [0x00000050f1500000,0x00000050f1600000]
[error occurred during error reporting (printing stack bounds), id 0xe0000000]

Native frames: (J=compiled Java code, j=interpreted, Vv=VM code, C=native code)
V  [jvm.dll+0x5a0369]
V  [jvm.dll+0x6bcf81]
V  [jvm.dll+0x6be176]
V  [jvm.dll+0x6be765]
V  [jvm.dll+0x6be71b]
V  [jvm.dll+0x59fb63]
V  [jvm.dll+0x59ff68]
C  [ntdll.dll+0x9ed2d]
C  [ntdll.dll+0x6c86]
C  [ntdll.dll+0x9dc5e]
C  0x000001e2105e0ebd

VM_Operation (0x00000050f1eff5a0): GetOrSetLocal, mode: safepoint, requested by thread 0x000001e2272aa800


---------------  P R O C E S S  ---------------

Threads class SMR info:
_java_thread_list=0x000001e227412d00, length=14, elements={
0x000001e205253800, 0x000001e22663d000, 0x000001e22663e000, 0x000001e226fc2800,
0x000001e226fc3000, 0x000001e22664d800, 0x000001e226fff800, 0x000001e227001000,
0x000001e227022000, 0x000001e2272aa800, 0x000001e227258800, 0x000001e22724f800,
0x000001e2273e0000, 0x000001e227416000
}

Java Threads: ( => current thread )
  0x000001e205253800 JavaThread "main" [_thread_blocked, id=6328, stack(0x00000050f0900000,0x00000050f0a00000)]
  0x000001e22663d000 JavaThread "Reference Handler" daemon [_thread_blocked, id=1224, stack(0x00000050f1600000,0x00000050f1700000)]
  0x000001e22663e000 JavaThread "Finalizer" daemon [_thread_blocked, id=5220, stack(0x00000050f1700000,0x00000050f1800000)]
  0x000001e226fc2800 JavaThread "Signal Dispatcher" daemon [_thread_blocked, id=5716, stack(0x00000050f1800000,0x00000050f1900000)]
  0x000001e226fc3000 JavaThread "Attach Listener" daemon [_thread_blocked, id=8440, stack(0x00000050f1900000,0x00000050f1a00000)]
  0x000001e22664d800 JavaThread "C2 CompilerThread0" daemon [_thread_blocked, id=7680, stack(0x00000050f1a00000,0x00000050f1b00000)]
  0x000001e226fff800 JavaThread "C2 CompilerThread1" daemon [_thread_blocked, id=12692, stack(0x00000050f1b00000,0x00000050f1c00000)]
  0x000001e227001000 JavaThread "C1 CompilerThread2" daemon [_thread_blocked, id=5116, stack(0x00000050f1c00000,0x00000050f1d00000)]
  0x000001e227022000 JavaThread "Sweeper thread" daemon [_thread_blocked, id=3988, stack(0x00000050f1d00000,0x00000050f1e00000)]
  0x000001e2272aa800 JavaThread "JDWP Transport Listener: dt_socket" daemon [_thread_blocked, id=4532, stack(0x00000050f1e00000,0x00000050f1f00000)] _threads_hazard_ptr=0x000001e227412d00
  0x000001e227258800 JavaThread "JDWP Event Helper Thread" daemon [_thread_blocked, id=7564, stack(0x00000050f1f00000,0x00000050f2000000)]
  0x000001e22724f800 JavaThread "JDWP Command Reader" daemon [_thread_in_native, id=14332, stack(0x00000050f2000000,0x00000050f2100000)]
  0x000001e2273e0000 JavaThread "Common-Cleaner" daemon [_thread_blocked, id=1584, stack(0x00000050f2100000,0x00000050f2200000)]
  0x000001e227416000 JavaThread "Service Thread" daemon [_thread_blocked, id=8360, stack(0x00000050f2200000,0x00000050f2300000)]

Other Threads:
=>0x000001e226623000 VMThread "VM Thread" [stack: 0x00000050f1500000,0x00000050f1600000] [id=9348]
  0x000001e227389800 WatcherThread [stack: 0x00000050f2300000,0x00000050f2400000] [id=13584]
  0x000001e20526c800 GCTaskThread "GC Thread#0" [stack: 0x00000050f0a00000,0x00000050f0b00000] [id=5900]
  0x000001e20526f000 GCTaskThread "GC Thread#1" [stack: 0x00000050f0b00000,0x00000050f0c00000] [id=7436]
  0x000001e205271000 GCTaskThread "GC Thread#2" [stack: 0x00000050f0c00000,0x00000050f0d00000] [id=11984]
  0x000001e205272800 GCTaskThread "GC Thread#3" [stack: 0x00000050f0d00000,0x00000050f0e00000] [id=13296]
  0x000001e2052df000 ConcurrentGCThread "G1 Main Marker" [stack: 0x00000050f0e00000,0x00000050f0f00000] [id=10804]
  0x000001e2052e2000 ConcurrentGCThread "G1 Conc#0" [stack: 0x00000050f0f00000,0x00000050f1000000] [id=9552]
  0x000001e2264ab800 ConcurrentGCThread "G1 Refine#0" [stack: 0x00000050f1000000,0x00000050f1100000] [id=6860]
  0x000001e2264ac800 ConcurrentGCThread "G1 Refine#1" [stack: 0x00000050f1100000,0x00000050f1200000] [id=6916]
  0x000001e2264ad800 ConcurrentGCThread "G1 Refine#2" [stack: 0x00000050f1200000,0x00000050f1300000] [id=10256]
  0x000001e2264b1000 ConcurrentGCThread "G1 Refine#3" [stack: 0x00000050f1300000,0x00000050f1400000] [id=9488]
  0x000001e2264b2000 ConcurrentGCThread "G1 Young RemSet Sampling" [stack: 0x00000050f1400000,0x00000050f1500000] [id=6812]

Threads with active compile tasks:

VM state:at safepoint (normal execution)

VM Mutex/Monitor currently owned by a thread:  ([mutex/lock_event])
[0x000001e2052530c0] Threads_lock - owner thread: 0x000001e226623000

Heap address: 0x0000000081400000, size: 2028 MB, Compressed Oops mode: 32-bit
Narrow klass base: 0x0000000000000000, Narrow klass shift: 3
Compressed class space size: 1073741824 Address: 0x0000000100000000

Heap:
 garbage-first heap   total 131072K, used 5120K [0x0000000081400000, 0x0000000100000000)
  region size 1024K, 6 young (6144K), 0 survivors (0K)
 Metaspace       used 7398K, capacity 7587K, committed 7680K, reserved 1056768K
  class space    used 607K, capacity 677K, committed 768K, reserved 1048576K
Heap Regions: E=young(eden), S=young(survivor), O=old, HS=humongous(starts), HC=humongous(continues), CS=collection set, F=free, A=archive, TS=gc time stamp, AC=allocation context, TAMS=top-at-mark-start (previous, next)
|   0|0x0000000081400000, 0x0000000081400000, 0x0000000081500000|  0%| F|  |TS  0|AC  0|TAMS 0x0000000081400000, 0x0000000081400000|
|   1|0x0000000081500000, 0x0000000081500000, 0x0000000081600000|  0%| F|  |TS  0|AC  0|TAMS 0x0000000081500000, 0x0000000081500000|
|   2|0x0000000081600000, 0x0000000081600000, 0x0000000081700000|  0%| F|  |TS  0|AC  0|TAMS 0x0000000081600000, 0x0000000081600000|
|   3|0x0000000081700000, 0x0000000081700000, 0x0000000081800000|  0%| F|  |TS  0|AC  0|TAMS 0x0000000081700000, 0x0000000081700000|
|   4|0x0000000081800000, 0x0000000081800000, 0x0000000081900000|  0%| F|  |TS  0|AC  0|TAMS 0x0000000081800000, 0x0000000081800000|
|   5|0x0000000081900000, 0x0000000081900000, 0x0000000081a00000|  0%| F|  |TS  0|AC  0|TAMS 0x0000000081900000, 0x0000000081900000|
|   6|0x0000000081a00000, 0x0000000081a00000, 0x0000000081b00000|  0%| F|  |TS  0|AC  0|TAMS 0x0000000081a00000, 0x0000000081a00000|
|   7|0x0000000081b00000, 0x0000000081b00000, 0x0000000081c00000|  0%| F|  |TS  0|AC  0|TAMS 0x0000000081b00000, 0x0000000081b00000|
|   8|0x0000000081c00000, 0x0000000081c00000, 0x0000000081d00000|  0%| F|  |TS  0|AC  0|TAMS 0x0000000081c00000, 0x0000000081c00000|
|   9|0x0000000081d00000, 0x0000000081d00000, 0x0000000081e00000|  0%| F|  |TS  0|AC  0|TAMS 0x0000000081d00000, 0x0000000081d00000|
|  10|0x0000000081e00000, 0x0000000081e00000, 0x0000000081f00000|  0%| F|  |TS  0|AC  0|TAMS 0x0000000081e00000, 0x0000000081e00000|
|  11|0x0000000081f00000, 0x0000000081f00000, 0x0000000082000000|  0%| F|  |TS  0|AC  0|TAMS 0x0000000081f00000, 0x0000000081f00000|
|  12|0x0000000082000000, 0x0000000082000000, 0x0000000082100000|  0%| F|  |TS  0|AC  0|TAMS 0x0000000082000000, 0x0000000082000000|
|  13|0x0000000082100000, 0x0000000082100000, 0x0000000082200000|  0%| F|  |TS  0|AC  0|TAMS 0x0000000082100000, 0x0000000082100000|
|  14|0x0000000082200000, 0x0000000082200000, 0x0000000082300000|  0%| F|  |TS  0|AC  0|TAMS 0x0000000082200000, 0x0000000082200000|
|  15|0x0000000082300000, 0x0000000082300000, 0x0000000082400000|  0%| F|  |TS  0|AC  0|TAMS 0x0000000082300000, 0x0000000082300000|
|  16|0x0000000082400000, 0x0000000082400000, 0x0000000082500000|  0%| F|  |TS  0|AC  0|TAMS 0x0000000082400000, 0x0000000082400000|
|  17|0x0000000082500000, 0x0000000082500000, 0x0000000082600000|  0%| F|  |TS  0|AC  0|TAMS 0x0000000082500000, 0x0000000082500000|
|  18|0x0000000082600000, 0x0000000082600000, 0x0000000082700000|  0%| F|  |TS  0|AC  0|TAMS 0x0000000082600000, 0x0000000082600000|
|  19|0x0000000082700000, 0x0000000082700000, 0x0000000082800000|  0%| F|  |TS  0|AC  0|TAMS 0x0000000082700000, 0x0000000082700000|
|  20|0x0000000082800000, 0x0000000082800000, 0x0000000082900000|  0%| F|  |TS  0|AC  0|TAMS 0x0000000082800000, 0x0000000082800000|
|  21|0x0000000082900000, 0x0000000082900000, 0x0000000082a00000|  0%| F|  |TS  0|AC  0|TAMS 0x0000000082900000, 0x0000000082900000|
|  22|0x0000000082a00000, 0x0000000082a00000, 0x0000000082b00000|  0%| F|  |TS  0|AC  0|TAMS 0x0000000082a00000, 0x0000000082a00000|
|  23|0x0000000082b00000, 0x0000000082b00000, 0x0000000082c00000|  0%| F|  |TS  0|AC  0|TAMS 0x0000000082b00000, 0x0000000082b00000|
|  24|0x0000000082c00000, 0x0000000082c00000, 0x0000000082d00000|  0%| F|  |TS  0|AC  0|TAMS 0x0000000082c00000, 0x0000000082c00000|
|  25|0x0000000082d00000, 0x0000000082d00000, 0x0000000082e00000|  0%| F|  |TS  0|AC  0|TAMS 0x0000000082d00000, 0x0000000082d00000|
|  26|0x0000000082e00000, 0x0000000082e00000, 0x0000000082f00000|  0%| F|  |TS  0|AC  0|TAMS 0x0000000082e00000, 0x0000000082e00000|
|  27|0x0000000082f00000, 0x0000000082f00000, 0x0000000083000000|  0%| F|  |TS  0|AC  0|TAMS 0x0000000082f00000, 0x0000000082f00000|
|  28|0x0000000083000000, 0x0000000083000000, 0x0000000083100000|  0%| F|  |TS  0|AC  0|TAMS 0x0000000083000000, 0x0000000083000000|
|  29|0x0000000083100000, 0x0000000083100000, 0x0000000083200000|  0%| F|  |TS  0|AC  0|TAMS 0x0000000083100000, 0x0000000083100000|
|  30|0x0000000083200000, 0x0000000083200000, 0x0000000083300000|  0%| F|  |TS  0|AC  0|TAMS 0x0000000083200000, 0x0000000083200000|
|  31|0x0000000083300000, 0x0000000083300000, 0x0000000083400000|  0%| F|  |TS  0|AC  0|TAMS 0x0000000083300000, 0x0000000083300000|
|  32|0x0000000083400000, 0x0000000083400000, 0x0000000083500000|  0%| F|  |TS  0|AC  0|TAMS 0x0000000083400000, 0x0000000083400000|
|  33|0x0000000083500000, 0x0000000083500000, 0x0000000083600000|  0%| F|  |TS  0|AC  0|TAMS 0x0000000083500000, 0x0000000083500000|
|  34|0x0000000083600000, 0x0000000083600000, 0x0000000083700000|  0%| F|  |TS  0|AC  0|TAMS 0x0000000083600000, 0x0000000083600000|
|  35|0x0000000083700000, 0x0000000083700000, 0x0000000083800000|  0%| F|  |TS  0|AC  0|TAMS 0x0000000083700000, 0x0000000083700000|
|  36|0x0000000083800000, 0x0000000083800000, 0x0000000083900000|  0%| F|  |TS  0|AC  0|TAMS 0x0000000083800000, 0x0000000083800000|
|  37|0x0000000083900000, 0x0000000083900000, 0x0000000083a00000|  0%| F|  |TS  0|AC  0|TAMS 0x0000000083900000, 0x0000000083900000|
|  38|0x0000000083a00000, 0x0000000083a00000, 0x0000000083b00000|  0%| F|  |TS  0|AC  0|TAMS 0x0000000083a00000, 0x0000000083a00000|
|  39|0x0000000083b00000, 0x0000000083b00000, 0x0000000083c00000|  0%| F|  |TS  0|AC  0|TAMS 0x0000000083b00000, 0x0000000083b00000|
|  40|0x0000000083c00000, 0x0000000083c00000, 0x0000000083d00000|  0%| F|  |TS  0|AC  0|TAMS 0x0000000083c00000, 0x0000000083c00000|
|  41|0x0000000083d00000, 0x0000000083d00000, 0x0000000083e00000|  0%| F|  |TS  0|AC  0|TAMS 0x0000000083d00000, 0x0000000083d00000|
|  42|0x0000000083e00000, 0x0000000083e00000, 0x0000000083f00000|  0%| F|  |TS  0|AC  0|TAMS 0x0000000083e00000, 0x0000000083e00000|
|  43|0x0000000083f00000, 0x0000000083f00000, 0x0000000084000000|  0%| F|  |TS  0|AC  0|TAMS 0x0000000083f00000, 0x0000000083f00000|
|  44|0x0000000084000000, 0x0000000084000000, 0x0000000084100000|  0%| F|  |TS  0|AC  0|TAMS 0x0000000084000000, 0x0000000084000000|
|  45|0x0000000084100000, 0x0000000084100000, 0x0000000084200000|  0%| F|  |TS  0|AC  0|TAMS 0x0000000084100000, 0x0000000084100000|
|  46|0x0000000084200000, 0x0000000084200000, 0x0000000084300000|  0%| F|  |TS  0|AC  0|TAMS 0x0000000084200000, 0x0000000084200000|
|  47|0x0000000084300000, 0x0000000084300000, 0x0000000084400000|  0%| F|  |TS  0|AC  0|TAMS 0x0000000084300000, 0x0000000084300000|
|  48|0x0000000084400000, 0x0000000084400000, 0x0000000084500000|  0%| F|  |TS  0|AC  0|TAMS 0x0000000084400000, 0x0000000084400000|
|  49|0x0000000084500000, 0x0000000084500000, 0x0000000084600000|  0%| F|  |TS  0|AC  0|TAMS 0x0000000084500000, 0x0000000084500000|
|  50|0x0000000084600000, 0x0000000084600000, 0x0000000084700000|  0%| F|  |TS  0|AC  0|TAMS 0x0000000084600000, 0x0000000084600000|
|  51|0x0000000084700000, 0x0000000084700000, 0x0000000084800000|  0%| F|  |TS  0|AC  0|TAMS 0x0000000084700000, 0x0000000084700000|
|  52|0x0000000084800000, 0x0000000084800000, 0x0000000084900000|  0%| F|  |TS  0|AC  0|TAMS 0x0000000084800000, 0x0000000084800000|
|  53|0x0000000084900000, 0x0000000084900000, 0x0000000084a00000|  0%| F|  |TS  0|AC  0|TAMS 0x0000000084900000, 0x0000000084900000|
|  54|0x0000000084a00000, 0x0000000084a00000, 0x0000000084b00000|  0%| F|  |TS  0|AC  0|TAMS 0x0000000084a00000, 0x0000000084a00000|
|  55|0x0000000084b00000, 0x0000000084b00000, 0x0000000084c00000|  0%| F|  |TS  0|AC  0|TAMS 0x0000000084b00000, 0x0000000084b00000|
|  56|0x0000000084c00000, 0x0000000084c00000, 0x0000000084d00000|  0%| F|  |TS  0|AC  0|TAMS 0x0000000084c00000, 0x0000000084c00000|
|  57|0x0000000084d00000, 0x0000000084d00000, 0x0000000084e00000|  0%| F|  |TS  0|AC  0|TAMS 0x0000000084d00000, 0x0000000084d00000|
|  58|0x0000000084e00000, 0x0000000084e00000, 0x0000000084f00000|  0%| F|  |TS  0|AC  0|TAMS 0x0000000084e00000, 0x0000000084e00000|
|  59|0x0000000084f00000, 0x0000000084f00000, 0x0000000085000000|  0%| F|  |TS  0|AC  0|TAMS 0x0000000084f00000, 0x0000000084f00000|
|  60|0x0000000085000000, 0x0000000085000000, 0x0000000085100000|  0%| F|  |TS  0|AC  0|TAMS 0x0000000085000000, 0x0000000085000000|
|  61|0x0000000085100000, 0x0000000085100000, 0x0000000085200000|  0%| F|  |TS  0|AC  0|TAMS 0x0000000085100000, 0x0000000085100000|
|  62|0x0000000085200000, 0x0000000085200000, 0x0000000085300000|  0%| F|  |TS  0|AC  0|TAMS 0x0000000085200000, 0x0000000085200000|
|  63|0x0000000085300000, 0x0000000085300000, 0x0000000085400000|  0%| F|  |TS  0|AC  0|TAMS 0x0000000085300000, 0x0000000085300000|
|  64|0x0000000085400000, 0x0000000085400000, 0x0000000085500000|  0%| F|  |TS  0|AC  0|TAMS 0x0000000085400000, 0x0000000085400000|
|  65|0x0000000085500000, 0x0000000085500000, 0x0000000085600000|  0%| F|  |TS  0|AC  0|TAMS 0x0000000085500000, 0x0000000085500000|
|  66|0x0000000085600000, 0x0000000085600000, 0x0000000085700000|  0%| F|  |TS  0|AC  0|TAMS 0x0000000085600000, 0x0000000085600000|
|  67|0x0000000085700000, 0x0000000085700000, 0x0000000085800000|  0%| F|  |TS  0|AC  0|TAMS 0x0000000085700000, 0x0000000085700000|
|  68|0x0000000085800000, 0x0000000085800000, 0x0000000085900000|  0%| F|  |TS  0|AC  0|TAMS 0x0000000085800000, 0x0000000085800000|
|  69|0x0000000085900000, 0x0000000085900000, 0x0000000085a00000|  0%| F|  |TS  0|AC  0|TAMS 0x0000000085900000, 0x0000000085900000|
|  70|0x0000000085a00000, 0x0000000085a00000, 0x0000000085b00000|  0%| F|  |TS  0|AC  0|TAMS 0x0000000085a00000, 0x0000000085a00000|
|  71|0x0000000085b00000, 0x0000000085b00000, 0x0000000085c00000|  0%| F|  |TS  0|AC  0|TAMS 0x0000000085b00000, 0x0000000085b00000|
|  72|0x0000000085c00000, 0x0000000085c00000, 0x0000000085d00000|  0%| F|  |TS  0|AC  0|TAMS 0x0000000085c00000, 0x0000000085c00000|
|  73|0x0000000085d00000, 0x0000000085d00000, 0x0000000085e00000|  0%| F|  |TS  0|AC  0|TAMS 0x0000000085d00000, 0x0000000085d00000|
|  74|0x0000000085e00000, 0x0000000085e00000, 0x0000000085f00000|  0%| F|  |TS  0|AC  0|TAMS 0x0000000085e00000, 0x0000000085e00000|
|  75|0x0000000085f00000, 0x0000000085f00000, 0x0000000086000000|  0%| F|  |TS  0|AC  0|TAMS 0x0000000085f00000, 0x0000000085f00000|
|  76|0x0000000086000000, 0x0000000086000000, 0x0000000086100000|  0%| F|  |TS  0|AC  0|TAMS 0x0000000086000000, 0x0000000086000000|
|  77|0x0000000086100000, 0x0000000086100000, 0x0000000086200000|  0%| F|  |TS  0|AC  0|TAMS 0x0000000086100000, 0x0000000086100000|
|  78|0x0000000086200000, 0x0000000086200000, 0x0000000086300000|  0%| F|  |TS  0|AC  0|TAMS 0x0000000086200000, 0x0000000086200000|
|  79|0x0000000086300000, 0x0000000086300000, 0x0000000086400000|  0%| F|  |TS  0|AC  0|TAMS 0x0000000086300000, 0x0000000086300000|
|  80|0x0000000086400000, 0x0000000086400000, 0x0000000086500000|  0%| F|  |TS  0|AC  0|TAMS 0x0000000086400000, 0x0000000086400000|
|  81|0x0000000086500000, 0x0000000086500000, 0x0000000086600000|  0%| F|  |TS  0|AC  0|TAMS 0x0000000086500000, 0x0000000086500000|
|  82|0x0000000086600000, 0x0000000086600000, 0x0000000086700000|  0%| F|  |TS  0|AC  0|TAMS 0x0000000086600000, 0x0000000086600000|
|  83|0x0000000086700000, 0x0000000086700000, 0x0000000086800000|  0%| F|  |TS  0|AC  0|TAMS 0x0000000086700000, 0x0000000086700000|
|  84|0x0000000086800000, 0x0000000086800000, 0x0000000086900000|  0%| F|  |TS  0|AC  0|TAMS 0x0000000086800000, 0x0000000086800000|
|  85|0x0000000086900000, 0x0000000086900000, 0x0000000086a00000|  0%| F|  |TS  0|AC  0|TAMS 0x0000000086900000, 0x0000000086900000|
|  86|0x0000000086a00000, 0x0000000086a00000, 0x0000000086b00000|  0%| F|  |TS  0|AC  0|TAMS 0x0000000086a00000, 0x0000000086a00000|
|  87|0x0000000086b00000, 0x0000000086b00000, 0x0000000086c00000|  0%| F|  |TS  0|AC  0|TAMS 0x0000000086b00000, 0x0000000086b00000|
|  88|0x0000000086c00000, 0x0000000086c00000, 0x0000000086d00000|  0%| F|  |TS  0|AC  0|TAMS 0x0000000086c00000, 0x0000000086c00000|
|  89|0x0000000086d00000, 0x0000000086d00000, 0x0000000086e00000|  0%| F|  |TS  0|AC  0|TAMS 0x0000000086d00000, 0x0000000086d00000|
|  90|0x0000000086e00000, 0x0000000086e00000, 0x0000000086f00000|  0%| F|  |TS  0|AC  0|TAMS 0x0000000086e00000, 0x0000000086e00000|
|  91|0x0000000086f00000, 0x0000000086f00000, 0x0000000087000000|  0%| F|  |TS  0|AC  0|TAMS 0x0000000086f00000, 0x0000000086f00000|
|  92|0x0000000087000000, 0x0000000087000000, 0x0000000087100000|  0%| F|  |TS  0|AC  0|TAMS 0x0000000087000000, 0x0000000087000000|
|  93|0x0000000087100000, 0x0000000087100000, 0x0000000087200000|  0%| F|  |TS  0|AC  0|TAMS 0x0000000087100000, 0x0000000087100000|
|  94|0x0000000087200000, 0x0000000087200000, 0x0000000087300000|  0%| F|  |TS  0|AC  0|TAMS 0x0000000087200000, 0x0000000087200000|
|  95|0x0000000087300000, 0x0000000087300000, 0x0000000087400000|  0%| F|  |TS  0|AC  0|TAMS 0x0000000087300000, 0x0000000087300000|
|  96|0x0000000087400000, 0x0000000087400000, 0x0000000087500000|  0%| F|  |TS  0|AC  0|TAMS 0x0000000087400000, 0x0000000087400000|
|  97|0x0000000087500000, 0x0000000087500000, 0x0000000087600000|  0%| F|  |TS  0|AC  0|TAMS 0x0000000087500000, 0x0000000087500000|
|  98|0x0000000087600000, 0x0000000087600000, 0x0000000087700000|  0%| F|  |TS  0|AC  0|TAMS 0x0000000087600000, 0x0000000087600000|
|  99|0x0000000087700000, 0x0000000087700000, 0x0000000087800000|  0%| F|  |TS  0|AC  0|TAMS 0x0000000087700000, 0x0000000087700000|
| 100|0x0000000087800000, 0x0000000087800000, 0x0000000087900000|  0%| F|  |TS  0|AC  0|TAMS 0x0000000087800000, 0x0000000087800000|
| 101|0x0000000087900000, 0x0000000087900000, 0x0000000087a00000|  0%| F|  |TS  0|AC  0|TAMS 0x0000000087900000, 0x0000000087900000|
| 102|0x0000000087a00000, 0x0000000087a00000, 0x0000000087b00000|  0%| F|  |TS  0|AC  0|TAMS 0x0000000087a00000, 0x0000000087a00000|
| 103|0x0000000087b00000, 0x0000000087b00000, 0x0000000087c00000|  0%| F|  |TS  0|AC  0|TAMS 0x0000000087b00000, 0x0000000087b00000|
| 104|0x0000000087c00000, 0x0000000087c00000, 0x0000000087d00000|  0%| F|  |TS  0|AC  0|TAMS 0x0000000087c00000, 0x0000000087c00000|
| 105|0x0000000087d00000, 0x0000000087d00000, 0x0000000087e00000|  0%| F|  |TS  0|AC  0|TAMS 0x0000000087d00000, 0x0000000087d00000|
| 106|0x0000000087e00000, 0x0000000087e00000, 0x0000000087f00000|  0%| F|  |TS  0|AC  0|TAMS 0x0000000087e00000, 0x0000000087e00000|
| 107|0x0000000087f00000, 0x0000000087f00000, 0x0000000088000000|  0%| F|  |TS  0|AC  0|TAMS 0x0000000087f00000, 0x0000000087f00000|
| 108|0x0000000088000000, 0x0000000088000000, 0x0000000088100000|  0%| F|  |TS  0|AC  0|TAMS 0x0000000088000000, 0x0000000088000000|
| 109|0x0000000088100000, 0x0000000088100000, 0x0000000088200000|  0%| F|  |TS  0|AC  0|TAMS 0x0000000088100000, 0x0000000088100000|
| 110|0x0000000088200000, 0x0000000088200000, 0x0000000088300000|  0%| F|  |TS  0|AC  0|TAMS 0x0000000088200000, 0x0000000088200000|
| 111|0x0000000088300000, 0x0000000088300000, 0x0000000088400000|  0%| F|  |TS  0|AC  0|TAMS 0x0000000088300000, 0x0000000088300000|
| 112|0x0000000088400000, 0x0000000088400000, 0x0000000088500000|  0%| F|  |TS  0|AC  0|TAMS 0x0000000088400000, 0x0000000088400000|
| 113|0x0000000088500000, 0x0000000088500000, 0x0000000088600000|  0%| F|  |TS  0|AC  0|TAMS 0x0000000088500000, 0x0000000088500000|
| 114|0x0000000088600000, 0x0000000088600000, 0x0000000088700000|  0%| F|  |TS  0|AC  0|TAMS 0x0000000088600000, 0x0000000088600000|
| 115|0x0000000088700000, 0x0000000088700000, 0x0000000088800000|  0%| F|  |TS  0|AC  0|TAMS 0x0000000088700000, 0x0000000088700000|
| 116|0x0000000088800000, 0x0000000088800000, 0x0000000088900000|  0%| F|  |TS  0|AC  0|TAMS 0x0000000088800000, 0x0000000088800000|
| 117|0x0000000088900000, 0x0000000088900000, 0x0000000088a00000|  0%| F|  |TS  0|AC  0|TAMS 0x0000000088900000, 0x0000000088900000|
| 118|0x0000000088a00000, 0x0000000088a00000, 0x0000000088b00000|  0%| F|  |TS  0|AC  0|TAMS 0x0000000088a00000, 0x0000000088a00000|
| 119|0x0000000088b00000, 0x0000000088b00000, 0x0000000088c00000|  0%| F|  |TS  0|AC  0|TAMS 0x0000000088b00000, 0x0000000088b00000|
| 120|0x0000000088c00000, 0x0000000088c00000, 0x0000000088d00000|  0%| F|  |TS  0|AC  0|TAMS 0x0000000088c00000, 0x0000000088c00000|
| 121|0x0000000088d00000, 0x0000000088d00000, 0x0000000088e00000|  0%| F|  |TS  0|AC  0|TAMS 0x0000000088d00000, 0x0000000088d00000|
| 122|0x0000000088e00000, 0x0000000088e93a50, 0x0000000088f00000| 57%| E|  |TS  0|AC  0|TAMS 0x0000000088e00000, 0x0000000088e00000|
| 123|0x0000000088f00000, 0x0000000089000000, 0x0000000089000000|100%| E|CS|TS  0|AC  0|TAMS 0x0000000088f00000, 0x0000000088f00000|
| 124|0x0000000089000000, 0x0000000089100000, 0x0000000089100000|100%| E|CS|TS  0|AC  0|TAMS 0x0000000089000000, 0x0000000089000000|
| 125|0x0000000089100000, 0x0000000089200000, 0x0000000089200000|100%| E|CS|TS  0|AC  0|TAMS 0x0000000089100000, 0x0000000089100000|
| 126|0x0000000089200000, 0x0000000089300000, 0x0000000089300000|100%| E|CS|TS  0|AC  0|TAMS 0x0000000089200000, 0x0000000089200000|
| 127|0x0000000089300000, 0x0000000089400000, 0x0000000089400000|100%| E|CS|TS  0|AC  0|TAMS 0x0000000089300000, 0x0000000089300000|

Card table byte_map: [0x000001e21f9e0000,0x000001e21fde0000] byte_map_base: 0x000001e21f5d6000

Marking Bits (Prev, Next): (CMBitMap*) 0x000001e2052de1c0, (CMBitMap*) 0x000001e2052de1f8
 Prev Bits: [0x000001e2201e0000, 0x000001e222190000)
 Next Bits: [0x000001e222190000, 0x000001e224140000)

Polling page: 0x000001e202fb0000

CodeHeap 'non-profiled nmethods': size=120064Kb used=115Kb max_used=115Kb free=119948Kb
 bounds [0x000001e2180a0000, 0x000001e218310000, 0x000001e21f5e0000]
CodeHeap 'profiled nmethods': size=120000Kb used=538Kb max_used=538Kb free=119461Kb
 bounds [0x000001e210b70000, 0x000001e210de0000, 0x000001e2180a0000]
CodeHeap 'non-nmethods': size=5696Kb used=1141Kb max_used=1141Kb free=4554Kb
 bounds [0x000001e2105e0000, 0x000001e210850000, 0x000001e210b70000]
 total_blobs=810 nmethods=359 adapters=280
 compilation: enabled

Compilation events (10 events):
Event: 0.893 Thread 0x000001e227001000  354       1       java.lang.invoke.MethodType::ptypes (5 bytes)
Event: 0.893 Thread 0x000001e227001000 nmethod 354 0x000001e2180bc690 code [0x000001e2180bc840, 0x000001e2180bc958]
Event: 0.894 Thread 0x000001e227001000  356       3       jdk.internal.org.objectweb.asm.ByteVector::put12 (64 bytes)
Event: 0.894 Thread 0x000001e227001000 nmethod 356 0x000001e210bf5690 code [0x000001e210bf5860, 0x000001e210bf5af0]
Event: 0.894 Thread 0x000001e227001000  357       1       java.lang.Class::getModule (5 bytes)
Event: 0.895 Thread 0x000001e227001000 nmethod 357 0x000001e2180bcc10 code [0x000001e2180bcdc0, 0x000001e2180bced8]
Event: 0.902 Thread 0x000001e227001000  358       3       java.lang.Number::<init> (5 bytes)
Event: 0.902 Thread 0x000001e227001000 nmethod 358 0x000001e210bf5c90 code [0x000001e210bf5e40, 0x000001e210bf5ff8]
Event: 0.903 Thread 0x000001e227001000  359       3       java.lang.String::lastIndexOf (12 bytes)
Event: 0.904 Thread 0x000001e227001000 nmethod 359 0x000001e210bf6090 code [0x000001e210bf6280, 0x000001e210bf66e0]

GC Heap History (0 events):
No events

Deoptimization events (3 events):
Event: 0.475 Thread 0x000001e205253800 Uncommon trap: reason=unstable_if action=reinterpret pc=0x000001e2180a6c38 method=java.lang.String.equals(Ljava/lang/Object;)Z @ 34 c2
Event: 0.488 Thread 0x000001e205253800 Uncommon trap: reason=unstable_if action=reinterpret pc=0x000001e2180a35e0 method=java.lang.String.hashCode()I @ 14 c2
Event: 0.867 Thread 0x000001e205253800 Uncommon trap: reason=unstable_fused_if action=reinterpret pc=0x000001e2180af448 method=java.util.HashMap.resize()[Ljava/util/HashMap$Node; @ 31 c2

Classes redefined (2 events):
Event: 559.778 Thread 0x000001e226623000 redefined class name=Exercises, count=1
Event: 615.556 Thread 0x000001e226623000 redefined class name=Exercises, count=2

Internal exceptions (2 events):
Event: 0.877 Thread 0x000001e205253800 Exception <a 'java/lang/NoSuchMethodError'{0x0000000088ff19e8}: method resolution failed> (0x0000000088ff19e8) thrown at [t:/workspace/open/src/hotspot/share/prims/methodHandles.cpp, line 1226]
Event: 0.894 Thread 0x000001e205253800 Exception <a 'java/lang/NoSuchMethodError'{0x0000000088e15668}: java.lang.invoke.DirectMethodHandle$Holder.invokeStatic(Ljava/lang/Object;Ljava/lang/Object;)I> (0x0000000088e15668) thrown at [t:/workspace/open/src/hotspot/share/interpreter/linkResolver.cp

Events (10 events):
Event: 615.558 Executing VM operation: GetFrameLocation done
Event: 615.558 Executing VM operation: GetOrSetLocal
Event: 615.558 Executing VM operation: GetOrSetLocal done
Event: 615.622 Executing VM operation: ChangeBreakpoints
Event: 615.622 Executing VM operation: ChangeBreakpoints done
Event: 615.640 Executing VM operation: GetFrameCount
Event: 615.640 Executing VM operation: GetFrameCount done
Event: 615.640 Executing VM operation: GetFrameLocation
Event: 615.640 Executing VM operation: GetFrameLocation done
Event: 615.674 Executing VM operation: GetOrSetLocal


Dynamic libraries:
0x00007ff7d4010000 - 0x00007ff7d404e000 	C:\Program Files\Java\jdk-10.0.1\bin\java.exe
0x00007ffd8f0b0000 - 0x00007ffd8f291000 	C:\WINDOWS\SYSTEM32\ntdll.dll
0x00007ffd8e9d0000 - 0x00007ffd8ea82000 	C:\WINDOWS\System32\KERNEL32.DLL
0x00007ffd8b480000 - 0x00007ffd8b6f3000 	C:\WINDOWS\System32\KERNELBASE.dll
0x00007ffd8e270000 - 0x00007ffd8e311000 	C:\WINDOWS\System32\ADVAPI32.dll
0x00007ffd8c5c0000 - 0x00007ffd8c65e000 	C:\WINDOWS\System32\msvcrt.dll
0x00007ffd8c660000 - 0x00007ffd8c6bb000 	C:\WINDOWS\System32\sechost.dll
0x00007ffd8e8a0000 - 0x00007ffd8e9c4000 	C:\WINDOWS\System32\RPCRT4.dll
0x00007ffd8eef0000 - 0x00007ffd8f080000 	C:\WINDOWS\System32\USER32.dll
0x00007ffd8bc90000 - 0x00007ffd8bcb0000 	C:\WINDOWS\System32\win32u.dll
0x00007ffd8e0c0000 - 0x00007ffd8e0e8000 	C:\WINDOWS\System32\GDI32.dll
0x00007ffd8baf0000 - 0x00007ffd8bc82000 	C:\WINDOWS\System32\gdi32full.dll
0x00007ffd8c4a0000 - 0x00007ffd8c53f000 	C:\WINDOWS\System32\msvcp_win.dll
0x00007ffd8b8f0000 - 0x00007ffd8b9ea000 	C:\WINDOWS\System32\ucrtbase.dll
0x00007ffd7e2d0000 - 0x00007ffd7e539000 	C:\WINDOWS\WinSxS\amd64_microsoft.windows.common-controls_6595b64144ccf1df_6.0.17134.345_none_fb429a5930656358\COMCTL32.dll
0x00007ffd8c6c0000 - 0x00007ffd8c9e3000 	C:\WINDOWS\System32\combase.dll
0x00007ffd8c420000 - 0x00007ffd8c49a000 	C:\WINDOWS\System32\bcryptPrimitives.dll
0x00007ffd84de0000 - 0x00007ffd84dea000 	C:\WINDOWS\SYSTEM32\VERSION.dll
0x00007ffd8ca50000 - 0x00007ffd8ca7d000 	C:\WINDOWS\System32\IMM32.DLL
0x00007ffd832d0000 - 0x00007ffd833bf000 	C:\Program Files\Java\jdk-10.0.1\bin\msvcr120.dll
0x00007ffd83220000 - 0x00007ffd832c6000 	C:\Program Files\Java\jdk-10.0.1\bin\msvcp120.dll
0x0000000051ce0000 - 0x0000000052750000 	C:\Program Files\Java\jdk-10.0.1\bin\server\jvm.dll
0x00007ffd8eee0000 - 0x00007ffd8eee8000 	C:\WINDOWS\System32\PSAPI.DLL
0x00007ffd76aa0000 - 0x00007ffd76aa9000 	C:\WINDOWS\SYSTEM32\WSOCK32.dll
0x00007ffd87080000 - 0x00007ffd870a3000 	C:\WINDOWS\SYSTEM32\WINMM.dll
0x00007ffd8cbe0000 - 0x00007ffd8cc4c000 	C:\WINDOWS\System32\ws2_32.DLL
0x00007ffd86fe0000 - 0x00007ffd8700a000 	C:\WINDOWS\SYSTEM32\WINMMBASE.dll
0x00007ffd8baa0000 - 0x00007ffd8bae9000 	C:\WINDOWS\System32\cfgmgr32.dll
0x00007ffd83be0000 - 0x00007ffd83bef000 	C:\Program Files\Java\jdk-10.0.1\bin\verify.dll
0x00007ffd767c0000 - 0x00007ffd76989000 	C:\WINDOWS\SYSTEM32\DBGHELP.DLL
0x00007ffd76790000 - 0x00007ffd767b9000 	C:\WINDOWS\SYSTEM32\dbgcore.DLL
0x00007ffd83760000 - 0x00007ffd83787000 	C:\Program Files\Java\jdk-10.0.1\bin\java.dll
0x00007ffd6b650000 - 0x00007ffd6b686000 	C:\Program Files\Java\jdk-10.0.1\bin\jdwp.dll
0x00007ffd83490000 - 0x00007ffd834ba000 	C:\Program Files\Java\jdk-10.0.1\bin\instrument.dll
0x00007ffd83740000 - 0x00007ffd83756000 	C:\Program Files\Java\jdk-10.0.1\bin\zip.dll
0x00007ffd83730000 - 0x00007ffd8373a000 	C:\Program Files\Java\jdk-10.0.1\bin\jimage.dll
0x00007ffd8cc80000 - 0x00007ffd8e0bf000 	C:\WINDOWS\System32\SHELL32.dll
0x00007ffd8e320000 - 0x00007ffd8e3c9000 	C:\WINDOWS\System32\shcore.dll
0x00007ffd8bd10000 - 0x00007ffd8c41d000 	C:\WINDOWS\System32\windows.storage.dll
0x00007ffd8e4d0000 - 0x00007ffd8e521000 	C:\WINDOWS\System32\shlwapi.dll
0x00007ffd8b430000 - 0x00007ffd8b441000 	C:\WINDOWS\System32\kernel.appcore.dll
0x00007ffd8b450000 - 0x00007ffd8b46f000 	C:\WINDOWS\System32\profapi.dll
0x00007ffd8b3e0000 - 0x00007ffd8b42c000 	C:\WINDOWS\System32\powrprof.dll
0x00007ffd8b470000 - 0x00007ffd8b47a000 	C:\WINDOWS\System32\FLTLIB.DLL
0x00007ffd83720000 - 0x00007ffd8372a000 	C:\Program Files\Java\jdk-10.0.1\bin\dt_socket.dll
0x00007ffd8ac40000 - 0x00007ffd8aca6000 	C:\WINDOWS\system32\mswsock.dll
0x00007ffd83640000 - 0x00007ffd8365a000 	C:\Program Files\Java\jdk-10.0.1\bin\net.dll
0x00007ffd81a90000 - 0x00007ffd81b6c000 	C:\WINDOWS\SYSTEM32\WINHTTP.dll
0x00007ffd830f0000 - 0x00007ffd83101000 	C:\Program Files\Java\jdk-10.0.1\bin\nio.dll

dbghelp: loaded successfully - version: 4.0.5 - missing functions: none
symbol engine: initialized successfully - sym options: 0x614 - pdb path: .;C:\Program Files\Java\jdk-10.0.1\bin;C:\WINDOWS\SYSTEM32;C:\WINDOWS\WinSxS\amd64_microsoft.windows.common-controls_6595b64144ccf1df_6.0.17134.345_none_fb429a5930656358;C:\Program Files\Java\jdk-10.0.1\bin\server

VM Arguments:
jvm_args: -agentlib:jdwp=transport=dt_socket,address=127.0.0.1:55063,suspend=y,server=n -javaagent:C:\Users\£ukasz\.IdeaIC2018.1\system\captureAgent\debugger-agent.jar=file:/C:/Users/%C5%81ukasz/AppData/Local/Temp/capture.props -Dfile.encoding=UTF-8 
java_command: Exercises
java_class_path (initial): C:\Users\£ukasz\Desktop\workspace\zbior_zadan_od_Kuby_Materaca\target\classes;C:\Program Files\JetBrains\IntelliJ IDEA Community Edition 2018.1.4\lib\idea_rt.jar
Launcher Type: SUN_STANDARD

Logging:
Log output configuration:
#0: stdout all=warning uptime,level,tags
#1: stderr all=off uptime,level,tags

Environment Variables:
JAVA_HOME=C:\Program Files\Java\jdk-10.0.1
PATH=C:\Program Files (x86)\Common Files\Oracle\Java\javapath;C:\Windows\system32;C:\Windows;C:\Windows\System32\Wbem;C:\Windows\System32\WindowsPowerShell\v1.0\;C:\Program Files (x86)\NVIDIA Corporation\PhysX\Common;C:\Program Files\Intel\WiFi\bin\;C:\Program Files\Common Files\Intel\WirelessCommon\;C:\Program Files\nodejs\;C:\WINDOWS\system32;C:\WINDOWS;C:\WINDOWS\System32\Wbem;C:\WINDOWS\System32\WindowsPowerShell\v1.0\;C:\WINDOWS\System32\OpenSSH\;C:\Program Files\Java\jdk-10.0.1\bin;C:\Program Files\Java\jre-10.0.1\bin;C:\Program Files\Git\cmd;C:\Program Files\Sublime Text 3;C:\1;C:\1\Library\mingw-w64\bin;C:\1\Library\usr\bin;C:\1\Library\bin;C:\1\Scripts;C:\Users\£ukasz\AppData\Local\Microsoft\WindowsApps;C:\Program Files\Intel\WiFi\bin\;C:\Program Files\Common Files\Intel\WirelessCommon\;C:\Users\£ukasz\AppData\Roaming\npm;C:\Program Files\Java\jdk-10.0.1\bin;C:\Program Files\MongoDB\Server\3.4\bin
USERNAME=£ukasz
OS=Windows_NT
PROCESSOR_IDENTIFIER=Intel64 Family 6 Model 61 Stepping 4, GenuineIntel



---------------  S Y S T E M  ---------------

OS: Windows 10 , 64 bit Build 17134 (10.0.17134.1)

CPU:total 4 (initial active 4) (2 cores per cpu, 2 threads per core) family 6 model 61 stepping 4, cmov, cx8, fxsr, mmx, sse, sse2, sse3, ssse3, sse4.1, sse4.2, popcnt, clmul, erms, 3dnowpref, lzcnt, ht, tsc, tscinvbit

Memory: 4k page, physical 8301656k(3245740k free), swap 9612376k(1187536k free)

vm_info: Java HotSpot(TM) 64-Bit Server VM (10.0.1+10) for windows-amd64 JRE (10.0.1+10), built on Mar 27 2018 02:27:48 by "mach5one" with MS VC++ 12.0 (VS2013)

END.
